<?xml version="1.0" encoding="UTF-8"?>
<!-- Generated by org.testng.reporters.JUnitReportReporter -->
<testsuite hostname="iDeliver20-PC" name="com.FFA.e2e.OrangeHRMLogin" tests="3" failures="0" timestamp="23 Dec 2019 18:18:58 GMT" time="30.989" errors="0">
  <testcase name="perfrlo" time="10.690" classname="com.FFA.e2e.OrangeHRMLogin"/>
  <testcase name="perfmlg" time="7.585" classname="com.FFA.e2e.OrangeHRMLogin"/>
  <testcase name="perfrmal" time="12.714" classname="com.FFA.e2e.OrangeHRMLogin"/>
</testsuite> <!-- com.FFA.e2e.OrangeHRMLogin -->
